[INFO] Reading rating dataset:ciao
[INFO] loading dataset successfully!!! dataset info
[INFO] Rating Matrix
numRatings: 282650
numUser: 7375
numItem: 105114
[INFO] Rating Matrix density: 0.00036460817520799854
[INFO] MaxRating: 5.0
[INFO] MinRating: 0.0
[INFO] Global Mean: 4.160725278613126
[INFO] Splitting data...TrainRatio: 0.8
[INFO] Splitting data done!!!
[INFO] trainMatrix:
numRatings: 226322
numUser: 7375
numItem: 91010
[INFO] testMatrix:
numRatings: 32525
numUser: 6203
numItem: 14607
[INFO] ===========================Data model built successfully!!!============================
[INFO] dataset: ciao
ratingScale: {0.0, 1.0, 2.0, 3.0, 4.0, 5.0}

[INFO] ========================================================================================
[INFO] Reading and converting social data...
[INFO] num Trust: 118573
[INFO] num Trusters: 6792
[INFO] num Trustees: 7297
[INFO] Density: 0.002180026429187015
