[INFO] Reading rating dataset:ciao
[INFO] loading dataset successfully!!! dataset info
[INFO] Rating Matrix
numRatings: 282650
numUser: 7375
numItem: 105114
[INFO] Rating Matrix density: 0.00036460817520799854
[INFO] MaxRating: 5.0
[INFO] MinRating: 0.0
[INFO] Global Mean: 4.160725278613126
[INFO] !!!!!!!splitting data fails, split ratio: 1
[INFO] ===========================Data model built successfully!!!============================
[INFO] dataset: ciao
ratingScale: {0.0, 1.0, 2.0, 3.0, 4.0, 5.0}

[INFO] ========================================================================================
[INFO] Reading and converting social data...
[INFO] num Trust: 0
[INFO] num Trusters: 0
[INFO] num Trustees: 0
[INFO] Density: 0.0
