[INFO] Reading rating dataset:filmtrust
[INFO] loading dataset successfully!!! dataset info
[INFO] Rating Matrix
numRatings: 35494
numUser: 1508
numItem: 2071
[INFO] Rating Matrix density: 0.011365106363358083
[INFO] MaxRating: 4.0
[INFO] MinRating: 0.5
[INFO] Global Mean: 3.0027328562573956
[INFO] Splitting data...TrainRatio: 0.8
[INFO] Splitting data done!!!
[INFO] trainMatrix:
numRatings: 28465
numUser: 1484
numItem: 1905
[INFO] testMatrix:
numRatings: 6159
numUser: 1174
numItem: 558
[INFO] ===========================Data model built successfully!!!============================
[INFO] dataset: filmtrust
ratingScale: {0.5, 1.0, 2.5, 3.0, 2.0, 3.5, 4.0, 1.5}

[INFO] ========================================================================================
[INFO] Reading and converting social data...
[INFO] num Trust: 2100
[INFO] num Trusters: 513
[INFO] num Trustees: 584
[INFO] Density: 0.0009234568596134498
